<?xml version="1.0" encoding="UTF-8"?>
<!-- Generated by org.testng.reporters.JUnitReportReporter -->
<testsuite hostname="DESKTOP-54PS5CM" failures="0" tests="4" name="seleniumTest.LoginTest" time="0.742" errors="0" timestamp="2021-07-30T16:56:12 MST" skipped="3">
  <testcase classname="seleniumTest.LoginTest" name="testWithExcelDataProvider" time="0.742"/>
  <testcase classname="seleniumTest.LoginTest" name="testWithCustomDataProvider">
    <skipped/>
  </testcase> <!-- testWithCustomDataProvider -->
  <testcase classname="seleniumTest.LoginTest" name="testParametersWithXML">
    <skipped/>
  </testcase> <!-- testParametersWithXML -->
  <testcase classname="seleniumTest.LoginTest" name="loginTest">
    <skipped/>
  </testcase> <!-- loginTest -->
</testsuite> <!-- seleniumTest.LoginTest -->
